<?xml version="1.0" encoding="UTF-8"?>
<!-- Generated by org.testng.reporters.JUnitReportReporter -->
<testsuite hostname="LAPTOP-BO572FC6" name="My2automaredTestCase" tests="1" failures="0" timestamp="20 May 2017 22:12:43 GMT" time="29.327" errors="0">
  <testcase name="testMy2automaredTestCase" time="29.327" classname="My2automaredTestCase"/>
</testsuite> <!-- My2automaredTestCase -->
